<?xml version="1.0" encoding="UTF-8"?>
<!-- Generated by org.testng.reporters.JUnitReportReporter -->
<testsuite hostname="DESKTOP-T0OMVLN" failures="2" tests="16" name="cucumber.TestNGTestRunner" time="11.143" errors="0" timestamp="2025-07-06T19:31:47 BST" skipped="0">
  <testcase classname="cucumber.TestNGTestRunner" name="runScenario" time="0.593"/>
  <testcase classname="cucumber.TestNGTestRunner" name="runScenario" time="0.558"/>
  <testcase classname="cucumber.TestNGTestRunner" name="runScenario" time="0.560"/>
  <testcase classname="cucumber.TestNGTestRunner" name="runScenario" time="0.577"/>
  <testcase classname="cucumber.TestNGTestRunner" name="runScenario" time="0.558"/>
  <testcase classname="cucumber.TestNGTestRunner" name="runScenario" time="0.583"/>
  <testcase classname="cucumber.TestNGTestRunner" name="runScenario" time="2.683"/>
  <testcase classname="cucumber.TestNGTestRunner" name="runScenario" time="0.530">
    <failure message="Expected status code to be 200 but found 429 expected [200] but found [429]" type="java.lang.AssertionError">
      <![CDATA[java.lang.AssertionError: Expected status code to be 200 but found 429 expected [200] but found [429]
at org.testng.Assert.fail(Assert.java:111)
at org.testng.Assert.failNotEquals(Assert.java:1578)
at org.testng.Assert.assertEqualsImpl(Assert.java:150)
at org.testng.Assert.assertEquals(Assert.java:132)
at org.testng.Assert.assertEquals(Assert.java:1419)
at org.testng.Assert.assertEquals(Assert.java:1383)
at another.stepDefinitions.Implement.verifyStatusCode(Implement.java:46)
at ✽.The response status code should be "200"(file:///C:/Users/pc/Downloads/eclipse-java-2025-06-R-win32-x86_64/eclipse/Assignment-2-GeoPlace/src/test/java/cucumber/API.feature:44)
]]>
    </failure>
  </testcase> <!-- runScenario -->
  <testcase classname="cucumber.TestNGTestRunner" name="runScenario" time="0.578"/>
  <testcase classname="cucumber.TestNGTestRunner" name="runScenario" time="0.576"/>
  <testcase classname="cucumber.TestNGTestRunner" name="runScenario" time="0.562"/>
  <testcase classname="cucumber.TestNGTestRunner" name="runScenario" time="0.588"/>
  <testcase classname="cucumber.TestNGTestRunner" name="runScenario" time="0.576"/>
  <testcase classname="cucumber.TestNGTestRunner" name="runScenario" time="0.555"/>
  <testcase classname="cucumber.TestNGTestRunner" name="runScenario" time="0.545"/>
  <testcase classname="cucumber.TestNGTestRunner" name="runScenario" time="0.521">
    <failure message="Expected status code to be 200 but found 429 expected [200] but found [429]" type="java.lang.AssertionError">
      <![CDATA[java.lang.AssertionError: Expected status code to be 200 but found 429 expected [200] but found [429]
at org.testng.Assert.fail(Assert.java:111)
at org.testng.Assert.failNotEquals(Assert.java:1578)
at org.testng.Assert.assertEqualsImpl(Assert.java:150)
at org.testng.Assert.assertEquals(Assert.java:132)
at org.testng.Assert.assertEquals(Assert.java:1419)
at org.testng.Assert.assertEquals(Assert.java:1383)
at another.stepDefinitions.Implement.verifyStatusCode(Implement.java:46)
at ✽.The response status code should be "200"(file:///C:/Users/pc/Downloads/eclipse-java-2025-06-R-win32-x86_64/eclipse/Assignment-2-GeoPlace/src/test/java/cucumber/API.feature:44)
]]>
    </failure>
  </testcase> <!-- runScenario -->
</testsuite> <!-- cucumber.TestNGTestRunner -->
